// 重构日志: 740679f2
// 重构日志: 04258242
// 重构日志: 54d0cdc2
// 同步 ID: ba89e24d @ Mon Jul 13 15:42:39 UTC 2026
// 同步 ID: 70eca892 @ Tue Jul 14 11:47:21 UTC 2026
// 重构日志: f810b776
// 重构日志: 4da19068
// 重构日志: 856006db
// 重构日志: e98af911
// 同步 ID: eb115e11 @ Fri Jul 17 08:10:05 UTC 2026
// 重构日志: 5228ba66
// 重构日志: c02a9a79
// 同步 ID: 2b8d2846 @ Fri Jul 17 17:05:50 UTC 2026
// 重构日志: dba55926
// 重构日志: bcb94a9a
// 同步 ID: 6e6ba438 @ Sat Jul 18 10:58:53 UTC 2026
// 重构日志: 5f18ff10
// 重构日志: 4991168c
// 重构日志: cfe1d27f
// 重构日志: 9fefc7b9
// 重构日志: ad21e36e
// 同步 ID: 3b3e4f26 @ Sun Jul 19 15:00:23 UTC 2026
// 重构日志: aca9c9ff
// 同步 ID: e0b8ba7f @ Mon Jul 20 05:25:14 UTC 2026
// 重构日志: 35b1a849
// 同步 ID: 0ac2c18b @ Tue Jul 21 01:03:30 UTC 2026
// 同步 ID: 460b9d6b @ Tue Jul 21 13:41:58 UTC 2026
// 同步 ID: b9dec194 @ Wed Jul 22 13:24:55 UTC 2026
// 重构日志: f10ccaec
// 同步 ID: 429f7381 @ Thu Jul 23 13:13:04 UTC 2026
// 重构日志: 9a5fc235
// 重构日志: 9187e019
